<?xml version="1.0" encoding="UTF-8"?>
<testsuite xmlns:xsi="http://www.w3.org/2001/XMLSchema-instance" xsi:noNamespaceSchemaLocation="https://maven.apache.org/surefire/maven-surefire-plugin/xsd/surefire-test-report-3.0.xsd" version="3.0" name="TestSuite" time="62.136" tests="4" errors="0" skipped="0" failures="0">
  <properties>
    <property name="sun.desktop" value="windows"/>
    <property name="awt.toolkit" value="sun.awt.windows.WToolkit"/>
    <property name="file.encoding.pkg" value="sun.io"/>
    <property name="java.specification.version" value="1.8"/>
    <property name="webdriver.chrome.driver" value="C:\Users\Acer User\.cache\selenium\chromedriver\win32\88.0.4324.96\chromedriver.exe"/>
    <property name="sun.cpu.isalist" value="pentium_pro+mmx pentium_pro pentium+mmx pentium i486 i386 i86"/>
    <property name="sun.jnu.encoding" value="Cp1252"/>
    <property name="java.class.path" value="D:\Git Projects_WorkSpace\ResoProject\BG\target\test-classes;D:\Git Projects_WorkSpace\ResoProject\BG\target\classes;C:\Users\Acer User\.m2\repository\org\seleniumhq\selenium\selenium-java\3.141.59\selenium-java-3.141.59.jar;C:\Users\Acer User\.m2\repository\org\seleniumhq\selenium\selenium-api\3.141.59\selenium-api-3.141.59.jar;C:\Users\Acer User\.m2\repository\org\seleniumhq\selenium\selenium-chrome-driver\3.141.59\selenium-chrome-driver-3.141.59.jar;C:\Users\Acer User\.m2\repository\org\seleniumhq\selenium\selenium-edge-driver\3.141.59\selenium-edge-driver-3.141.59.jar;C:\Users\Acer User\.m2\repository\org\seleniumhq\selenium\selenium-firefox-driver\3.141.59\selenium-firefox-driver-3.141.59.jar;C:\Users\Acer User\.m2\repository\org\seleniumhq\selenium\selenium-ie-driver\3.141.59\selenium-ie-driver-3.141.59.jar;C:\Users\Acer User\.m2\repository\org\seleniumhq\selenium\selenium-opera-driver\3.141.59\selenium-opera-driver-3.141.59.jar;C:\Users\Acer User\.m2\repository\org\seleniumhq\selenium\selenium-remote-driver\3.141.59\selenium-remote-driver-3.141.59.jar;C:\Users\Acer User\.m2\repository\org\seleniumhq\selenium\selenium-safari-driver\3.141.59\selenium-safari-driver-3.141.59.jar;C:\Users\Acer User\.m2\repository\org\seleniumhq\selenium\selenium-support\3.141.59\selenium-support-3.141.59.jar;C:\Users\Acer User\.m2\repository\net\bytebuddy\byte-buddy\1.8.15\byte-buddy-1.8.15.jar;C:\Users\Acer User\.m2\repository\org\apache\commons\commons-exec\1.3\commons-exec-1.3.jar;C:\Users\Acer User\.m2\repository\com\google\guava\guava\25.0-jre\guava-25.0-jre.jar;C:\Users\Acer User\.m2\repository\com\google\code\findbugs\jsr305\1.3.9\jsr305-1.3.9.jar;C:\Users\Acer User\.m2\repository\org\checkerframework\checker-compat-qual\2.0.0\checker-compat-qual-2.0.0.jar;C:\Users\Acer User\.m2\repository\com\google\errorprone\error_prone_annotations\2.1.3\error_prone_annotations-2.1.3.jar;C:\Users\Acer User\.m2\repository\com\google\j2objc\j2objc-annotations\1.1\j2objc-annotations-1.1.jar;C:\Users\Acer User\.m2\repository\org\codehaus\mojo\animal-sniffer-annotations\1.14\animal-sniffer-annotations-1.14.jar;C:\Users\Acer User\.m2\repository\com\squareup\okhttp3\okhttp\3.11.0\okhttp-3.11.0.jar;C:\Users\Acer User\.m2\repository\com\squareup\okio\okio\1.14.0\okio-1.14.0.jar;C:\Users\Acer User\.m2\repository\io\github\bonigarcia\webdrivermanager\4.2.2\webdrivermanager-4.2.2.jar;C:\Users\Acer User\.m2\repository\org\slf4j\slf4j-api\1.7.30\slf4j-api-1.7.30.jar;C:\Users\Acer User\.m2\repository\commons-io\commons-io\2.8.0\commons-io-2.8.0.jar;C:\Users\Acer User\.m2\repository\com\google\code\gson\gson\2.8.6\gson-2.8.6.jar;C:\Users\Acer User\.m2\repository\org\apache\commons\commons-lang3\3.11\commons-lang3-3.11.jar;C:\Users\Acer User\.m2\repository\org\apache\httpcomponents\client5\httpclient5\5.0.1\httpclient5-5.0.1.jar;C:\Users\Acer User\.m2\repository\org\apache\httpcomponents\core5\httpcore5\5.0.1\httpcore5-5.0.1.jar;C:\Users\Acer User\.m2\repository\org\apache\httpcomponents\core5\httpcore5-h2\5.0.1\httpcore5-h2-5.0.1.jar;C:\Users\Acer User\.m2\repository\commons-codec\commons-codec\1.13\commons-codec-1.13.jar;C:\Users\Acer User\.m2\repository\org\rauschig\jarchivelib\1.1.0\jarchivelib-1.1.0.jar;C:\Users\Acer User\.m2\repository\org\apache\commons\commons-compress\1.20\commons-compress-1.20.jar;C:\Users\Acer User\.m2\repository\org\jsoup\jsoup\1.13.1\jsoup-1.13.1.jar;C:\Users\Acer User\.m2\repository\org\testng\testng\6.14.3\testng-6.14.3.jar;C:\Users\Acer User\.m2\repository\com\beust\jcommander\1.72\jcommander-1.72.jar;C:\Users\Acer User\.m2\repository\org\apache-extras\beanshell\bsh\2.0b6\bsh-2.0b6.jar;C:\Users\Acer User\.m2\repository\log4j\log4j\1.2.17\log4j-1.2.17.jar;C:\Users\Acer User\.m2\repository\io\cucumber\cucumber-java\6.9.1\cucumber-java-6.9.1.jar;C:\Users\Acer User\.m2\repository\org\apiguardian\apiguardian-api\1.1.0\apiguardian-api-1.1.0.jar;C:\Users\Acer User\.m2\repository\io\cucumber\cucumber-testng\6.9.1\cucumber-testng-6.9.1.jar;C:\Users\Acer User\.m2\repository\io\cucumber\cucumber-core\6.9.1\cucumber-core-6.9.1.jar;C:\Users\Acer User\.m2\repository\io\cucumber\cucumber-gherkin\6.9.1\cucumber-gherkin-6.9.1.jar;C:\Users\Acer User\.m2\repository\io\cucumber\cucumber-gherkin-messages\6.9.1\cucumber-gherkin-messages-6.9.1.jar;C:\Users\Acer User\.m2\repository\io\cucumber\messages\13.2.1\messages-13.2.1.jar;C:\Users\Acer User\.m2\repository\io\cucumber\tag-expressions\3.0.0\tag-expressions-3.0.0.jar;C:\Users\Acer User\.m2\repository\io\cucumber\cucumber-expressions\10.3.0\cucumber-expressions-10.3.0.jar;C:\Users\Acer User\.m2\repository\io\cucumber\datatable\3.5.0\datatable-3.5.0.jar;C:\Users\Acer User\.m2\repository\io\cucumber\cucumber-plugin\6.9.1\cucumber-plugin-6.9.1.jar;C:\Users\Acer User\.m2\repository\io\cucumber\docstring\6.9.1\docstring-6.9.1.jar;C:\Users\Acer User\.m2\repository\io\cucumber\html-formatter\9.0.0\html-formatter-9.0.0.jar;C:\Users\Acer User\.m2\repository\io\cucumber\create-meta\2.0.4\create-meta-2.0.4.jar;C:\Users\Acer User\.m2\repository\io\qameta\allure\allure-testng\2.13.8\allure-testng-2.13.8.jar;C:\Users\Acer User\.m2\repository\io\qameta\allure\allure-java-commons\2.13.8\allure-java-commons-2.13.8.jar;C:\Users\Acer User\.m2\repository\io\qameta\allure\allure-model\2.13.8\allure-model-2.13.8.jar;C:\Users\Acer User\.m2\repository\com\fasterxml\jackson\core\jackson-databind\2.11.3\jackson-databind-2.11.3.jar;C:\Users\Acer User\.m2\repository\com\fasterxml\jackson\core\jackson-annotations\2.11.3\jackson-annotations-2.11.3.jar;C:\Users\Acer User\.m2\repository\com\fasterxml\jackson\core\jackson-core\2.11.3\jackson-core-2.11.3.jar;C:\Users\Acer User\.m2\repository\org\apache\tika\tika-core\1.24.1\tika-core-1.24.1.jar;C:\Users\Acer User\.m2\repository\org\jooq\joor-java-8\0.9.13\joor-java-8-0.9.13.jar;C:\Users\Acer User\.m2\repository\io\qameta\allure\allure-cucumber4-jvm\2.13.1\allure-cucumber4-jvm-2.13.1.jar;C:\Users\Acer User\.m2\repository\ru\yandex\qatools\ashot\ashot\1.5.4\ashot-1.5.4.jar;C:\Users\Acer User\.m2\repository\org\hamcrest\hamcrest-core\1.3\hamcrest-core-1.3.jar;"/>
    <property name="java.vm.vendor" value="Oracle Corporation"/>
    <property name="sun.arch.data.model" value="32"/>
    <property name="user.variant" value=""/>
    <property name="java.vendor.url" value="http://java.oracle.com/"/>
    <property name="user.timezone" value="Asia/Calcutta"/>
    <property name="suiteXmlFile" value="testng-cucumber.xml"/>
    <property name="java.vm.specification.version" value="1.8"/>
    <property name="os.name" value="Windows 7"/>
    <property name="user.country" value="US"/>
    <property name="sun.java.launcher" value="SUN_STANDARD"/>
    <property name="sun.boot.library.path" value="C:\Program Files\Java\jre1.8.0_241\bin"/>
    <property name="sun.java.command" value="C:\Users\Acer User\AppData\Local\Temp\surefire1409773236332830487\surefirebooter2286211922426259738.jar C:\Users\Acer User\AppData\Local\Temp\surefire1409773236332830487 2021-03-04T15-56-15_749-jvmRun1 surefire1844249836928423337tmp surefire_07321037256435550577tmp"/>
    <property name="surefire.test.class.path" value="D:\Git Projects_WorkSpace\ResoProject\BG\target\test-classes;D:\Git Projects_WorkSpace\ResoProject\BG\target\classes;C:\Users\Acer User\.m2\repository\org\seleniumhq\selenium\selenium-java\3.141.59\selenium-java-3.141.59.jar;C:\Users\Acer User\.m2\repository\org\seleniumhq\selenium\selenium-api\3.141.59\selenium-api-3.141.59.jar;C:\Users\Acer User\.m2\repository\org\seleniumhq\selenium\selenium-chrome-driver\3.141.59\selenium-chrome-driver-3.141.59.jar;C:\Users\Acer User\.m2\repository\org\seleniumhq\selenium\selenium-edge-driver\3.141.59\selenium-edge-driver-3.141.59.jar;C:\Users\Acer User\.m2\repository\org\seleniumhq\selenium\selenium-firefox-driver\3.141.59\selenium-firefox-driver-3.141.59.jar;C:\Users\Acer User\.m2\repository\org\seleniumhq\selenium\selenium-ie-driver\3.141.59\selenium-ie-driver-3.141.59.jar;C:\Users\Acer User\.m2\repository\org\seleniumhq\selenium\selenium-opera-driver\3.141.59\selenium-opera-driver-3.141.59.jar;C:\Users\Acer User\.m2\repository\org\seleniumhq\selenium\selenium-remote-driver\3.141.59\selenium-remote-driver-3.141.59.jar;C:\Users\Acer User\.m2\repository\org\seleniumhq\selenium\selenium-safari-driver\3.141.59\selenium-safari-driver-3.141.59.jar;C:\Users\Acer User\.m2\repository\org\seleniumhq\selenium\selenium-support\3.141.59\selenium-support-3.141.59.jar;C:\Users\Acer User\.m2\repository\net\bytebuddy\byte-buddy\1.8.15\byte-buddy-1.8.15.jar;C:\Users\Acer User\.m2\repository\org\apache\commons\commons-exec\1.3\commons-exec-1.3.jar;C:\Users\Acer User\.m2\repository\com\google\guava\guava\25.0-jre\guava-25.0-jre.jar;C:\Users\Acer User\.m2\repository\com\google\code\findbugs\jsr305\1.3.9\jsr305-1.3.9.jar;C:\Users\Acer User\.m2\repository\org\checkerframework\checker-compat-qual\2.0.0\checker-compat-qual-2.0.0.jar;C:\Users\Acer User\.m2\repository\com\google\errorprone\error_prone_annotations\2.1.3\error_prone_annotations-2.1.3.jar;C:\Users\Acer User\.m2\repository\com\google\j2objc\j2objc-annotations\1.1\j2objc-annotations-1.1.jar;C:\Users\Acer User\.m2\repository\org\codehaus\mojo\animal-sniffer-annotations\1.14\animal-sniffer-annotations-1.14.jar;C:\Users\Acer User\.m2\repository\com\squareup\okhttp3\okhttp\3.11.0\okhttp-3.11.0.jar;C:\Users\Acer User\.m2\repository\com\squareup\okio\okio\1.14.0\okio-1.14.0.jar;C:\Users\Acer User\.m2\repository\io\github\bonigarcia\webdrivermanager\4.2.2\webdrivermanager-4.2.2.jar;C:\Users\Acer User\.m2\repository\org\slf4j\slf4j-api\1.7.30\slf4j-api-1.7.30.jar;C:\Users\Acer User\.m2\repository\commons-io\commons-io\2.8.0\commons-io-2.8.0.jar;C:\Users\Acer User\.m2\repository\com\google\code\gson\gson\2.8.6\gson-2.8.6.jar;C:\Users\Acer User\.m2\repository\org\apache\commons\commons-lang3\3.11\commons-lang3-3.11.jar;C:\Users\Acer User\.m2\repository\org\apache\httpcomponents\client5\httpclient5\5.0.1\httpclient5-5.0.1.jar;C:\Users\Acer User\.m2\repository\org\apache\httpcomponents\core5\httpcore5\5.0.1\httpcore5-5.0.1.jar;C:\Users\Acer User\.m2\repository\org\apache\httpcomponents\core5\httpcore5-h2\5.0.1\httpcore5-h2-5.0.1.jar;C:\Users\Acer User\.m2\repository\commons-codec\commons-codec\1.13\commons-codec-1.13.jar;C:\Users\Acer User\.m2\repository\org\rauschig\jarchivelib\1.1.0\jarchivelib-1.1.0.jar;C:\Users\Acer User\.m2\repository\org\apache\commons\commons-compress\1.20\commons-compress-1.20.jar;C:\Users\Acer User\.m2\repository\org\jsoup\jsoup\1.13.1\jsoup-1.13.1.jar;C:\Users\Acer User\.m2\repository\org\testng\testng\6.14.3\testng-6.14.3.jar;C:\Users\Acer User\.m2\repository\com\beust\jcommander\1.72\jcommander-1.72.jar;C:\Users\Acer User\.m2\repository\org\apache-extras\beanshell\bsh\2.0b6\bsh-2.0b6.jar;C:\Users\Acer User\.m2\repository\log4j\log4j\1.2.17\log4j-1.2.17.jar;C:\Users\Acer User\.m2\repository\io\cucumber\cucumber-java\6.9.1\cucumber-java-6.9.1.jar;C:\Users\Acer User\.m2\repository\org\apiguardian\apiguardian-api\1.1.0\apiguardian-api-1.1.0.jar;C:\Users\Acer User\.m2\repository\io\cucumber\cucumber-testng\6.9.1\cucumber-testng-6.9.1.jar;C:\Users\Acer User\.m2\repository\io\cucumber\cucumber-core\6.9.1\cucumber-core-6.9.1.jar;C:\Users\Acer User\.m2\repository\io\cucumber\cucumber-gherkin\6.9.1\cucumber-gherkin-6.9.1.jar;C:\Users\Acer User\.m2\repository\io\cucumber\cucumber-gherkin-messages\6.9.1\cucumber-gherkin-messages-6.9.1.jar;C:\Users\Acer User\.m2\repository\io\cucumber\messages\13.2.1\messages-13.2.1.jar;C:\Users\Acer User\.m2\repository\io\cucumber\tag-expressions\3.0.0\tag-expressions-3.0.0.jar;C:\Users\Acer User\.m2\repository\io\cucumber\cucumber-expressions\10.3.0\cucumber-expressions-10.3.0.jar;C:\Users\Acer User\.m2\repository\io\cucumber\datatable\3.5.0\datatable-3.5.0.jar;C:\Users\Acer User\.m2\repository\io\cucumber\cucumber-plugin\6.9.1\cucumber-plugin-6.9.1.jar;C:\Users\Acer User\.m2\repository\io\cucumber\docstring\6.9.1\docstring-6.9.1.jar;C:\Users\Acer User\.m2\repository\io\cucumber\html-formatter\9.0.0\html-formatter-9.0.0.jar;C:\Users\Acer User\.m2\repository\io\cucumber\create-meta\2.0.4\create-meta-2.0.4.jar;C:\Users\Acer User\.m2\repository\io\qameta\allure\allure-testng\2.13.8\allure-testng-2.13.8.jar;C:\Users\Acer User\.m2\repository\io\qameta\allure\allure-java-commons\2.13.8\allure-java-commons-2.13.8.jar;C:\Users\Acer User\.m2\repository\io\qameta\allure\allure-model\2.13.8\allure-model-2.13.8.jar;C:\Users\Acer User\.m2\repository\com\fasterxml\jackson\core\jackson-databind\2.11.3\jackson-databind-2.11.3.jar;C:\Users\Acer User\.m2\repository\com\fasterxml\jackson\core\jackson-annotations\2.11.3\jackson-annotations-2.11.3.jar;C:\Users\Acer User\.m2\repository\com\fasterxml\jackson\core\jackson-core\2.11.3\jackson-core-2.11.3.jar;C:\Users\Acer User\.m2\repository\org\apache\tika\tika-core\1.24.1\tika-core-1.24.1.jar;C:\Users\Acer User\.m2\repository\org\jooq\joor-java-8\0.9.13\joor-java-8-0.9.13.jar;C:\Users\Acer User\.m2\repository\io\qameta\allure\allure-cucumber4-jvm\2.13.1\allure-cucumber4-jvm-2.13.1.jar;C:\Users\Acer User\.m2\repository\ru\yandex\qatools\ashot\ashot\1.5.4\ashot-1.5.4.jar;C:\Users\Acer User\.m2\repository\org\hamcrest\hamcrest-core\1.3\hamcrest-core-1.3.jar;"/>
    <property name="sun.cpu.endian" value="little"/>
    <property name="user.home" value="C:\Users\Acer User"/>
    <property name="user.language" value="en"/>
    <property name="java.specification.vendor" value="Oracle Corporation"/>
    <property name="java.home" value="C:\Program Files\Java\jre1.8.0_241"/>
    <property name="basedir" value="D:\Git Projects_WorkSpace\ResoProject\BG"/>
    <property name="file.separator" value="\"/>
    <property name="line.separator" value="&#10;"/>
    <property name="java.vm.specification.vendor" value="Oracle Corporation"/>
    <property name="java.specification.name" value="Java Platform API Specification"/>
    <property name="java.awt.graphicsenv" value="sun.awt.Win32GraphicsEnvironment"/>
    <property name="surefire.real.class.path" value="C:\Users\Acer User\AppData\Local\Temp\surefire1409773236332830487\surefirebooter2286211922426259738.jar"/>
    <property name="sun.boot.class.path" value="C:\Program Files\Java\jre1.8.0_241\lib\resources.jar;C:\Program Files\Java\jre1.8.0_241\lib\rt.jar;C:\Program Files\Java\jre1.8.0_241\lib\sunrsasign.jar;C:\Program Files\Java\jre1.8.0_241\lib\jsse.jar;C:\Program Files\Java\jre1.8.0_241\lib\jce.jar;C:\Program Files\Java\jre1.8.0_241\lib\charsets.jar;C:\Program Files\Java\jre1.8.0_241\lib\jfr.jar;C:\Program Files\Java\jre1.8.0_241\classes"/>
    <property name="user.script" value=""/>
    <property name="sun.management.compiler" value="HotSpot Client Compiler"/>
    <property name="java.runtime.version" value="1.8.0_241-b07"/>
    <property name="user.name" value="Acer User"/>
    <property name="path.separator" value=";"/>
    <property name="os.version" value="6.1"/>
    <property name="java.endorsed.dirs" value="C:\Program Files\Java\jre1.8.0_241\lib\endorsed"/>
    <property name="java.runtime.name" value="Java(TM) SE Runtime Environment"/>
    <property name="file.encoding" value="Cp1252"/>
    <property name="java.vm.name" value="Java HotSpot(TM) Client VM"/>
    <property name="localRepository" value="C:\Users\Acer User\.m2\repository"/>
    <property name="java.vendor.url.bug" value="http://bugreport.sun.com/bugreport/"/>
    <property name="java.io.tmpdir" value="C:\Users\ACERUS~1\AppData\Local\Temp\"/>
    <property name="java.version" value="1.8.0_241"/>
    <property name="user.dir" value="D:\Git Projects_WorkSpace\ResoProject\BG"/>
    <property name="os.arch" value="x86"/>
    <property name="java.vm.specification.name" value="Java Virtual Machine Specification"/>
    <property name="java.awt.printerjob" value="sun.awt.windows.WPrinterJob"/>
    <property name="sun.os.patch.level" value="Service Pack 1"/>
    <property name="java.library.path" value="C:\Program Files\Java\jre1.8.0_241\bin;C:\Windows\Sun\Java\bin;C:\Windows\system32;C:\Windows;C:/Program Files/Java/jre1.8.0_241/bin/client;C:/Program Files/Java/jre1.8.0_241/bin;C:/Program Files/Java/jre1.8.0_241/lib/i386;C:\Program Files\Common Files\Oracle\Java\javapath;C:\ProgramData\Oracle\Java\javapath;E:\oracle\product\10.2.0\db_1\bin;E:\app\Acer User\product\11.1.0\db_1\bin;E:\PHPSW\php;E:\PHPSW\htdocs\cakephp_oldv1\cake\console;E:\PHPSW\mysql\bin;C:\ProgramData\ComposerSetup\bin;D:\Android SDK\tools\bin;D:\Android SDK\tools;D:\Android SDK\platform-tools;C:\Program Files\nodejs\node_modules\npm;C:\Program Files\nodejs\;C:\Program Files\Java\jdk1.8.0_241\bin;C:\maven\apache-maven-3.6.3\bin;C:\Program Files\Git\cmd;E:\Resonancia NOtes\jar&apos;s\allure-2.9.0\bin;C:\Windows\System32\WindowsPowerShell\v1.0\;C:\Program Files\PuTTY\;C:\Users\Acer User\scoop\shims;C:\oraclexe\app\oracle\product\10.2.0\server\bin;C:\Program Files\Intel\iCLS Client\;C:\Windows\system32;C:\Windows;C:\Windows\System32\Wbem;C:\Windows\System32\WindowsPowerShell\v1.0\;C:\Program Files\Intel\Intel(R) Management Engine Components\DAL;C:\Program Files\Intel\Intel(R) Management Engine Components\IPT;C:\Program Files\Microsoft SQL Server\90\Tools\binn\;C:\Program Files\Java\jdk1.7.0_02\bin;C:\jsdk2.1\examples\WEB-INF\servlets/FirstServlet;C:\Program Files \Java\jdk1.7.0\bin;C:\Program Files\Microsoft SQL Server\100\Tools\Binn\;C:\Program Files\Microsoft SQL Server\100\DTS\Binn\; ;E:\ PHPSW\xampp\htdocs\CakephpPractise\app\Console;E:\ PHPSW\xampp\php;E:\ PHPSW\xampp\mysql\bin;;C:\Users\Acer User\AppData\Roaming\Composer\vendor\bin;C:\Users\Acer User\AppData\Roaming\npm;C:\Users\Acer User\AppData\Local\Programs\Microsoft VS Code\bin;C:\Program Files\import-io-cli\bin;C:\Windows\system32;;."/>
    <property name="java.vm.info" value="mixed mode"/>
    <property name="java.vendor" value="Oracle Corporation"/>
    <property name="java.vm.version" value="25.241-b07"/>
    <property name="java.ext.dirs" value="C:\Program Files\Java\jre1.8.0_241\lib\ext;C:\Windows\Sun\Java\lib\ext"/>
    <property name="sun.io.unicode.encoding" value="UnicodeLittle"/>
    <property name="java.class.version" value="52.0"/>
  </properties>
  <testcase name="runScenario[&quot;verify  Account Number field for invalid data&quot;, &quot;Optional[this feature test the add  bank functionality]&quot;](1)" classname="com.testingshastra.testrunner.RunnerTest" time="14.173">
    <system-out><![CDATA[[TestNGContentHandler] [WARN] It is strongly recommended to add "<!DOCTYPE suite SYSTEM "http://testng.org/testng-1.0.dtd" >" at the top of your file, otherwise TestNG may fail or not work as expected.
2021-03-04 15:56:32 [main] com.testingshashtra.utility.Config 
  INFO  Lunching Browser : http://103.50.162.196/testing/user-login.php
2021-03-04 15:56:36 [main] com.testingshshtra.pages.LoginPage 
  INFO  Getting dashboard text
2021-03-04 15:56:37 [main] com.testingshashtra.stepdefination.LoginTest 
  INFO  LOGIN SUCCESSFULLY and Redirect on  Dashboard Page
2021-03-04 15:56:37 [main] com.testingshashtra.stepdefination.AddBankTest 
  INFO  Master Menu Clicked
2021-03-04 15:56:39 [main] com.testingshashtra.stepdefination.AddBankTest 
  INFO  Bank Sub Menu Clicked
2021-03-04 15:56:39 [main] com.testingshashtra.stepdefination.AddBankTest 
  INFO  Waiting For Visibility Add Bank button
2021-03-04 15:56:39 [main] com.testingshshtra.pages.AddBankPage 
  INFO  Click On  Add Bank Button
2021-03-04 15:56:39 [main] com.testingshashtra.stepdefination.AddBankTest 
  INFO  Click on  Add Bank button
2021-03-04 15:56:39 [main] com.testingshshtra.pages.AddBankPage 
  INFO  Entering Bank Name dena
2021-03-04 15:56:39 [main] com.testingshshtra.pages.AddBankPage 
  INFO  Entering Account Name yxc
2021-03-04 15:56:39 [main] com.testingshshtra.pages.AddBankPage 
  INFO  Entering  Account number   
2021-03-04 15:56:40 [main] com.testingshshtra.pages.AddBankPage 
  INFO  Selecting  Account Type  Savings
2021-03-04 15:56:40 [main] com.testingshshtra.pages.AddBankPage 
  INFO  Entering IFSC Code  ABCD0012
2021-03-04 15:56:40 [main] com.testingshshtra.pages.AddBankPage 
  INFO  Entering MICR Code  123456789
2021-03-04 15:56:40 [main] com.testingshashtra.stepdefination.AddBankTest 
  INFO  Click on Submit button
2021-03-04 15:56:40 [main] com.testingshshtra.pages.AddBankPage 
  INFO  Click on Submit button
2021-03-04 15:56:40 [main] com.testingshashtra.stepdefination.AddBankTest 
  INFO  Asserting Error in Label 
2021-03-04 15:56:40 [main] com.testingshatra.setup.SeleniumBase 
  INFO  Browser Closed
]]></system-out>
    <system-err><![CDATA[SLF4J: Failed to load class "org.slf4j.impl.StaticLoggerBinder".
SLF4J: Defaulting to no-operation (NOP) logger implementation
SLF4J: See http://www.slf4j.org/codes.html#StaticLoggerBinder for further details.
Starting ChromeDriver 88.0.4324.96 (68dba2d8a0b149a1d3afac56fa74648032bcf46b-refs/branch-heads/4324@{#1784}) on port 40138
Only local connections are allowed.
Please see https://chromedriver.chromium.org/security-considerations for suggestions on keeping ChromeDriver safe.
ChromeDriver was started successfully.
Mar 04, 2021 3:56:31 PM org.openqa.selenium.remote.ProtocolHandshake createSession
INFO: Detected dialect: W3C
]]></system-err>
  </testcase>
  <testcase name="runScenario[&quot;verify  Account Number field for invalid data&quot;, &quot;Optional[this feature test the add  bank functionality]&quot;](2)" classname="com.testingshastra.testrunner.RunnerTest" time="12.47">
    <system-out><![CDATA[2021-03-04 15:56:45 [main] com.testingshashtra.utility.Config 
  INFO  Lunching Browser : http://103.50.162.196/testing/user-login.php
2021-03-04 15:56:49 [main] com.testingshshtra.pages.LoginPage 
  INFO  Getting dashboard text
2021-03-04 15:56:49 [main] com.testingshashtra.stepdefination.LoginTest 
  INFO  LOGIN SUCCESSFULLY and Redirect on  Dashboard Page
2021-03-04 15:56:50 [main] com.testingshashtra.stepdefination.AddBankTest 
  INFO  Master Menu Clicked
2021-03-04 15:56:51 [main] com.testingshashtra.stepdefination.AddBankTest 
  INFO  Bank Sub Menu Clicked
2021-03-04 15:56:51 [main] com.testingshashtra.stepdefination.AddBankTest 
  INFO  Waiting For Visibility Add Bank button
2021-03-04 15:56:52 [main] com.testingshshtra.pages.AddBankPage 
  INFO  Click On  Add Bank Button
2021-03-04 15:56:52 [main] com.testingshashtra.stepdefination.AddBankTest 
  INFO  Click on  Add Bank button
2021-03-04 15:56:52 [main] com.testingshshtra.pages.AddBankPage 
  INFO  Entering Bank Name dena bank
2021-03-04 15:56:52 [main] com.testingshshtra.pages.AddBankPage 
  INFO  Entering Account Name yxc
2021-03-04 15:56:52 [main] com.testingshshtra.pages.AddBankPage 
  INFO  Entering  Account number   123
2021-03-04 15:56:53 [main] com.testingshshtra.pages.AddBankPage 
  INFO  Selecting  Account Type  Savings
2021-03-04 15:56:53 [main] com.testingshshtra.pages.AddBankPage 
  INFO  Entering IFSC Code  ABCD0012
2021-03-04 15:56:53 [main] com.testingshshtra.pages.AddBankPage 
  INFO  Entering MICR Code  123456789
2021-03-04 15:56:53 [main] com.testingshashtra.stepdefination.AddBankTest 
  INFO  Click on Submit button
2021-03-04 15:56:53 [main] com.testingshshtra.pages.AddBankPage 
  INFO  Click on Submit button
2021-03-04 15:56:53 [main] com.testingshashtra.stepdefination.AddBankTest 
  INFO  Asserting Error in Label 
2021-03-04 15:56:53 [main] com.testingshashtra.stepdefination.AddBankTest 
  INFO  length of text is less than 5   And : Account Number Must Be Of 5 Digits
2021-03-04 15:56:53 [main] com.testingshatra.setup.SeleniumBase 
  INFO  Browser Closed
]]></system-out>
    <system-err><![CDATA[Starting ChromeDriver 88.0.4324.96 (68dba2d8a0b149a1d3afac56fa74648032bcf46b-refs/branch-heads/4324@{#1784}) on port 1334
Only local connections are allowed.
Please see https://chromedriver.chromium.org/security-considerations for suggestions on keeping ChromeDriver safe.
ChromeDriver was started successfully.
Mar 04, 2021 3:56:44 PM org.openqa.selenium.remote.ProtocolHandshake createSession
INFO: Detected dialect: W3C
]]></system-err>
  </testcase>
  <testcase name="runScenario[&quot;verify  Account Number field for invalid data&quot;, &quot;Optional[this feature test the add  bank functionality]&quot;](3)" classname="com.testingshastra.testrunner.RunnerTest" time="11.824">
    <system-out><![CDATA[2021-03-04 15:56:57 [main] com.testingshashtra.utility.Config 
  INFO  Lunching Browser : http://103.50.162.196/testing/user-login.php
2021-03-04 15:57:02 [main] com.testingshshtra.pages.LoginPage 
  INFO  Getting dashboard text
2021-03-04 15:57:02 [main] com.testingshashtra.stepdefination.LoginTest 
  INFO  LOGIN SUCCESSFULLY and Redirect on  Dashboard Page
2021-03-04 15:57:02 [main] com.testingshashtra.stepdefination.AddBankTest 
  INFO  Master Menu Clicked
2021-03-04 15:57:04 [main] com.testingshashtra.stepdefination.AddBankTest 
  INFO  Bank Sub Menu Clicked
2021-03-04 15:57:04 [main] com.testingshashtra.stepdefination.AddBankTest 
  INFO  Waiting For Visibility Add Bank button
2021-03-04 15:57:04 [main] com.testingshshtra.pages.AddBankPage 
  INFO  Click On  Add Bank Button
2021-03-04 15:57:04 [main] com.testingshashtra.stepdefination.AddBankTest 
  INFO  Click on  Add Bank button
2021-03-04 15:57:04 [main] com.testingshshtra.pages.AddBankPage 
  INFO  Entering Bank Name dena
2021-03-04 15:57:05 [main] com.testingshshtra.pages.AddBankPage 
  INFO  Entering Account Name yxc
2021-03-04 15:57:05 [main] com.testingshshtra.pages.AddBankPage 
  INFO  Entering  Account number   hello world
2021-03-04 15:57:05 [main] com.testingshshtra.pages.AddBankPage 
  INFO  Selecting  Account Type  Savings
2021-03-04 15:57:05 [main] com.testingshshtra.pages.AddBankPage 
  INFO  Entering IFSC Code  ABCD0012
2021-03-04 15:57:05 [main] com.testingshshtra.pages.AddBankPage 
  INFO  Entering MICR Code  123456789
2021-03-04 15:57:05 [main] com.testingshashtra.stepdefination.AddBankTest 
  INFO  Click on Submit button
2021-03-04 15:57:05 [main] com.testingshshtra.pages.AddBankPage 
  INFO  Click on Submit button
2021-03-04 15:57:05 [main] com.testingshashtra.stepdefination.AddBankTest 
  INFO  Asserting Error in Label 
2021-03-04 15:57:05 [main] com.testingshatra.setup.SeleniumBase 
  INFO  Browser Closed
]]></system-out>
    <system-err><![CDATA[Starting ChromeDriver 88.0.4324.96 (68dba2d8a0b149a1d3afac56fa74648032bcf46b-refs/branch-heads/4324@{#1784}) on port 46166
Only local connections are allowed.
Please see https://chromedriver.chromium.org/security-considerations for suggestions on keeping ChromeDriver safe.
ChromeDriver was started successfully.
Mar 04, 2021 3:56:57 PM org.openqa.selenium.remote.ProtocolHandshake createSession
INFO: Detected dialect: W3C
]]></system-err>
  </testcase>
  <testcase name="runScenario[&quot;verify  Account Number field for invalid data&quot;, &quot;Optional[this feature test the add  bank functionality]&quot;](4)" classname="com.testingshastra.testrunner.RunnerTest" time="11.655">
    <system-out><![CDATA[2021-03-04 15:57:09 [main] com.testingshashtra.utility.Config 
  INFO  Lunching Browser : http://103.50.162.196/testing/user-login.php
2021-03-04 15:57:13 [main] com.testingshshtra.pages.LoginPage 
  INFO  Getting dashboard text
2021-03-04 15:57:13 [main] com.testingshashtra.stepdefination.LoginTest 
  INFO  LOGIN SUCCESSFULLY and Redirect on  Dashboard Page
2021-03-04 15:57:14 [main] com.testingshashtra.stepdefination.AddBankTest 
  INFO  Master Menu Clicked
2021-03-04 15:57:15 [main] com.testingshashtra.stepdefination.AddBankTest 
  INFO  Bank Sub Menu Clicked
2021-03-04 15:57:15 [main] com.testingshashtra.stepdefination.AddBankTest 
  INFO  Waiting For Visibility Add Bank button
2021-03-04 15:57:15 [main] com.testingshshtra.pages.AddBankPage 
  INFO  Click On  Add Bank Button
2021-03-04 15:57:16 [main] com.testingshashtra.stepdefination.AddBankTest 
  INFO  Click on  Add Bank button
2021-03-04 15:57:16 [main] com.testingshshtra.pages.AddBankPage 
  INFO  Entering Bank Name dena
2021-03-04 15:57:16 [main] com.testingshshtra.pages.AddBankPage 
  INFO  Entering Account Name yxc
2021-03-04 15:57:16 [main] com.testingshshtra.pages.AddBankPage 
  INFO  Entering  Account number   123123654789874512365478
2021-03-04 15:57:17 [main] com.testingshshtra.pages.AddBankPage 
  INFO  Selecting  Account Type  Savings
2021-03-04 15:57:17 [main] com.testingshshtra.pages.AddBankPage 
  INFO  Entering IFSC Code  ABCD0012
2021-03-04 15:57:17 [main] com.testingshshtra.pages.AddBankPage 
  INFO  Entering MICR Code  123456789
2021-03-04 15:57:17 [main] com.testingshashtra.stepdefination.AddBankTest 
  INFO  Click on Submit button
2021-03-04 15:57:17 [main] com.testingshshtra.pages.AddBankPage 
  INFO  Click on Submit button
2021-03-04 15:57:17 [main] com.testingshashtra.stepdefination.AddBankTest 
  INFO  Asserting Error in Label 
2021-03-04 15:57:17 [main] com.testingshashtra.stepdefination.AddBankTest 
  INFO  length of text is more than 20    And :Account Number Must Be Of 20 Digits
2021-03-04 15:57:17 [main] com.testingshatra.setup.SeleniumBase 
  INFO  Browser Closed
]]></system-out>
    <system-err><![CDATA[Starting ChromeDriver 88.0.4324.96 (68dba2d8a0b149a1d3afac56fa74648032bcf46b-refs/branch-heads/4324@{#1784}) on port 39389
Only local connections are allowed.
Please see https://chromedriver.chromium.org/security-considerations for suggestions on keeping ChromeDriver safe.
ChromeDriver was started successfully.
Mar 04, 2021 3:57:09 PM org.openqa.selenium.remote.ProtocolHandshake createSession
INFO: Detected dialect: W3C
]]></system-err>
  </testcase>
</testsuite>