<?xml version="1.0" encoding="UTF-8"?>
<!-- Generated by org.testng.reporters.JUnitReportReporter -->
<testsuite skipped="0" hostname="Acer-PC" name="com.testingshastra.testrunner.RunnerTest" tests="3" failures="0" timestamp="04 Mar 2021 18:12:41 GMT" time="46.749" errors="0">
  <testcase name="runScenario" time="13.473" classname="com.testingshastra.testrunner.RunnerTest"/>
  <testcase name="runScenario" time="14.349" classname="com.testingshastra.testrunner.RunnerTest"/>
  <testcase name="runScenario" time="18.927" classname="com.testingshastra.testrunner.RunnerTest"/>
</testsuite> <!-- com.testingshastra.testrunner.RunnerTest -->
