<?xml version="1.0" encoding="UTF-8"?>
<!-- Generated by org.testng.reporters.JUnitReportReporter -->
<testsuite skipped="0" hostname="Acer-PC" name="com.testingshshtra.testcases.LoginTest" tests="1" failures="0" timestamp="12 Feb 2021 09:57:50 GMT" time="13.448" errors="0">
  <testcase name="verifyLoginForValidInput" time="13.448" classname="com.testingshshtra.testcases.LoginTest"/>
</testsuite> <!-- com.testingshshtra.testcases.LoginTest -->
